0 info it worked if it ends with ok
1 verbose cli [ '/usr/local/Cellar/node/4.1.1/bin/node',
1 verbose cli   '/usr/local/bin/npm',
1 verbose cli   'install',
1 verbose cli   'express',
1 verbose cli   'body-parser',
1 verbose cli   'cors',
1 verbose cli   'mongojs--save' ]
2 info using npm@2.14.4
3 info using node@v4.1.1
4 verbose install initial load of /Users/JTPorter9/Desktop/devmountain/dm7projects/week6/ecommerce-part-one/package.json
5 verbose readDependencies loading dependencies from /Users/JTPorter9/Desktop/devmountain/dm7projects/week6/ecommerce-part-one/package.json
6 silly cache add args [ 'express', null ]
7 verbose cache add spec express
8 silly cache add args [ 'body-parser', null ]
9 verbose cache add spec body-parser
10 silly cache add args [ 'cors', null ]
11 verbose cache add spec cors
12 silly cache add args [ 'mongojs--save', null ]
13 verbose cache add spec mongojs--save
14 silly cache add parsed spec Result {
14 silly cache add   raw: 'express',
14 silly cache add   scope: null,
14 silly cache add   name: 'express',
14 silly cache add   rawSpec: '',
14 silly cache add   spec: '*',
14 silly cache add   type: 'range' }
15 silly addNamed express@*
16 verbose addNamed "*" is a valid semver range for express
17 silly addNameRange { name: 'express', range: '*', hasData: false }
18 silly mapToRegistry name express
19 silly mapToRegistry using default registry
20 silly mapToRegistry registry https://registry.npmjs.org/
21 silly mapToRegistry uri https://registry.npmjs.org/express
22 verbose addNameRange registry:https://registry.npmjs.org/express not in flight; fetching
23 silly cache add parsed spec Result {
23 silly cache add   raw: 'body-parser',
23 silly cache add   scope: null,
23 silly cache add   name: 'body-parser',
23 silly cache add   rawSpec: '',
23 silly cache add   spec: '*',
23 silly cache add   type: 'range' }
24 silly addNamed body-parser@*
25 verbose addNamed "*" is a valid semver range for body-parser
26 silly addNameRange { name: 'body-parser', range: '*', hasData: false }
27 silly mapToRegistry name body-parser
28 silly mapToRegistry using default registry
29 silly mapToRegistry registry https://registry.npmjs.org/
30 silly mapToRegistry uri https://registry.npmjs.org/body-parser
31 verbose addNameRange registry:https://registry.npmjs.org/body-parser not in flight; fetching
32 silly cache add parsed spec Result {
32 silly cache add   raw: 'cors',
32 silly cache add   scope: null,
32 silly cache add   name: 'cors',
32 silly cache add   rawSpec: '',
32 silly cache add   spec: '*',
32 silly cache add   type: 'range' }
33 silly addNamed cors@*
34 verbose addNamed "*" is a valid semver range for cors
35 silly addNameRange { name: 'cors', range: '*', hasData: false }
36 silly mapToRegistry name cors
37 silly mapToRegistry using default registry
38 silly mapToRegistry registry https://registry.npmjs.org/
39 silly mapToRegistry uri https://registry.npmjs.org/cors
40 verbose addNameRange registry:https://registry.npmjs.org/cors not in flight; fetching
41 silly cache add parsed spec Result {
41 silly cache add   raw: 'mongojs--save',
41 silly cache add   scope: null,
41 silly cache add   name: 'mongojs--save',
41 silly cache add   rawSpec: '',
41 silly cache add   spec: '*',
41 silly cache add   type: 'range' }
42 silly addNamed mongojs--save@*
43 verbose addNamed "*" is a valid semver range for mongojs--save
44 silly addNameRange { name: 'mongojs--save', range: '*', hasData: false }
45 silly mapToRegistry name mongojs--save
46 silly mapToRegistry using default registry
47 silly mapToRegistry registry https://registry.npmjs.org/
48 silly mapToRegistry uri https://registry.npmjs.org/mongojs--save
49 verbose addNameRange registry:https://registry.npmjs.org/mongojs--save not in flight; fetching
50 verbose request uri https://registry.npmjs.org/mongojs--save
51 verbose request no auth needed
52 info attempt registry request try #1 at 2:05:22 PM
53 verbose request id d81a01a9de37e9e3
54 http request GET https://registry.npmjs.org/mongojs--save
55 verbose request uri https://registry.npmjs.org/body-parser
56 verbose request no auth needed
57 info attempt registry request try #1 at 2:05:22 PM
58 verbose etag "2QM0BQRJ4EIZG9YI9V4O1U2R6"
59 http request GET https://registry.npmjs.org/body-parser
60 verbose request uri https://registry.npmjs.org/cors
61 verbose request no auth needed
62 info attempt registry request try #1 at 2:05:22 PM
63 verbose etag "1QZ1P6PG6EV2VO6F7RLBEZ5LI"
64 http request GET https://registry.npmjs.org/cors
65 verbose request uri https://registry.npmjs.org/express
66 verbose request no auth needed
67 info attempt registry request try #1 at 2:05:22 PM
68 verbose etag "A6LHYIHMBE0GHYUZDESAYEGFE"
69 http request GET https://registry.npmjs.org/express
70 http 304 https://registry.npmjs.org/body-parser
71 silly get cb [ 304,
71 silly get   { date: 'Tue, 17 Nov 2015 21:05:22 GMT',
71 silly get     via: '1.1 varnish',
71 silly get     'cache-control': 'max-age=60',
71 silly get     etag: '"2QM0BQRJ4EIZG9YI9V4O1U2R6"',
71 silly get     age: '49',
71 silly get     connection: 'keep-alive',
71 silly get     'x-served-by': 'cache-lax1434-LAX',
71 silly get     'x-cache': 'HIT',
71 silly get     'x-cache-hits': '4',
71 silly get     'x-timer': 'S1447794322.768521,VS0,VE0',
71 silly get     vary: 'Accept' } ]
72 verbose etag https://registry.npmjs.org/body-parser from cache
73 verbose get saving body-parser to /Users/JTPorter9/.npm/registry.npmjs.org/body-parser/.cache.json
74 http 304 https://registry.npmjs.org/express
75 silly get cb [ 304,
75 silly get   { date: 'Tue, 17 Nov 2015 21:05:22 GMT',
75 silly get     via: '1.1 varnish',
75 silly get     'cache-control': 'max-age=60',
75 silly get     etag: '"A6LHYIHMBE0GHYUZDESAYEGFE"',
75 silly get     age: '11',
75 silly get     connection: 'keep-alive',
75 silly get     'x-served-by': 'cache-lax1432-LAX',
75 silly get     'x-cache': 'HIT',
75 silly get     'x-cache-hits': '3',
75 silly get     'x-timer': 'S1447794322.770299,VS0,VE0',
75 silly get     vary: 'Accept' } ]
76 verbose etag https://registry.npmjs.org/express from cache
77 verbose get saving express to /Users/JTPorter9/.npm/registry.npmjs.org/express/.cache.json
78 http 304 https://registry.npmjs.org/cors
79 silly get cb [ 304,
79 silly get   { date: 'Tue, 17 Nov 2015 21:05:22 GMT',
79 silly get     via: '1.1 varnish',
79 silly get     'cache-control': 'max-age=60',
79 silly get     etag: '"1QZ1P6PG6EV2VO6F7RLBEZ5LI"',
79 silly get     age: '43',
79 silly get     connection: 'keep-alive',
79 silly get     'x-served-by': 'cache-lax1428-LAX',
79 silly get     'x-cache': 'HIT',
79 silly get     'x-cache-hits': '1',
79 silly get     'x-timer': 'S1447794322.770323,VS0,VE0',
79 silly get     vary: 'Accept' } ]
80 verbose etag https://registry.npmjs.org/cors from cache
81 verbose get saving cors to /Users/JTPorter9/.npm/registry.npmjs.org/cors/.cache.json
82 silly addNameRange number 2 { name: 'body-parser', range: '*', hasData: true }
83 silly addNameRange versions [ 'body-parser',
83 silly addNameRange   [ '1.0.0',
83 silly addNameRange     '1.0.1',
83 silly addNameRange     '1.0.2',
83 silly addNameRange     '1.1.0',
83 silly addNameRange     '1.1.1',
83 silly addNameRange     '1.1.2',
83 silly addNameRange     '1.2.0',
83 silly addNameRange     '1.2.1',
83 silly addNameRange     '1.2.2',
83 silly addNameRange     '1.3.0',
83 silly addNameRange     '1.3.1',
83 silly addNameRange     '1.4.0',
83 silly addNameRange     '1.4.1',
83 silly addNameRange     '1.4.2',
83 silly addNameRange     '1.4.3',
83 silly addNameRange     '1.5.0',
83 silly addNameRange     '1.5.1',
83 silly addNameRange     '1.5.2',
83 silly addNameRange     '1.6.0',
83 silly addNameRange     '1.6.1',
83 silly addNameRange     '1.6.2',
83 silly addNameRange     '1.6.3',
83 silly addNameRange     '1.6.4',
83 silly addNameRange     '1.6.5',
83 silly addNameRange     '1.6.6',
83 silly addNameRange     '1.6.7',
83 silly addNameRange     '1.7.0',
83 silly addNameRange     '1.8.0',
83 silly addNameRange     '1.8.1',
83 silly addNameRange     '1.8.2',
83 silly addNameRange     '1.8.3',
83 silly addNameRange     '1.8.4',
83 silly addNameRange     '1.9.0',
83 silly addNameRange     '1.9.1',
83 silly addNameRange     '1.9.2',
83 silly addNameRange     '1.9.3',
83 silly addNameRange     '1.10.0',
83 silly addNameRange     '1.10.1',
83 silly addNameRange     '1.10.2',
83 silly addNameRange     '1.11.0',
83 silly addNameRange     '1.12.0',
83 silly addNameRange     '1.12.1',
83 silly addNameRange     '1.12.2',
83 silly addNameRange     '1.12.3',
83 silly addNameRange     '1.12.4',
83 silly addNameRange     '1.13.0',
83 silly addNameRange     '1.13.1',
83 silly addNameRange     '1.13.2',
83 silly addNameRange     '1.13.3',
83 silly addNameRange     '1.14.0',
83 silly addNameRange     '1.14.1' ] ]
84 silly addNamed body-parser@1.14.1
85 verbose addNamed "1.14.1" is a plain semver version for body-parser
86 silly addNameRange number 2 { name: 'express', range: '*', hasData: true }
87 silly addNameRange versions [ 'express',
87 silly addNameRange   [ '0.14.0',
87 silly addNameRange     '0.14.1',
87 silly addNameRange     '1.0.0',
87 silly addNameRange     '1.0.1',
87 silly addNameRange     '1.0.2',
87 silly addNameRange     '1.0.3',
87 silly addNameRange     '1.0.4',
87 silly addNameRange     '1.0.5',
87 silly addNameRange     '1.0.6',
87 silly addNameRange     '1.0.7',
87 silly addNameRange     '1.0.8',
87 silly addNameRange     '2.0.0',
87 silly addNameRange     '2.1.0',
87 silly addNameRange     '2.1.1',
87 silly addNameRange     '2.2.0',
87 silly addNameRange     '2.2.1',
87 silly addNameRange     '2.2.2',
87 silly addNameRange     '2.3.0',
87 silly addNameRange     '2.3.1',
87 silly addNameRange     '2.3.2',
87 silly addNameRange     '2.3.3',
87 silly addNameRange     '2.3.4',
87 silly addNameRange     '2.3.5',
87 silly addNameRange     '2.3.6',
87 silly addNameRange     '2.3.7',
87 silly addNameRange     '2.3.8',
87 silly addNameRange     '2.3.9',
87 silly addNameRange     '2.3.10',
87 silly addNameRange     '2.3.11',
87 silly addNameRange     '2.3.12',
87 silly addNameRange     '2.4.0',
87 silly addNameRange     '2.4.1',
87 silly addNameRange     '2.4.2',
87 silly addNameRange     '2.4.3',
87 silly addNameRange     '2.4.4',
87 silly addNameRange     '2.4.5',
87 silly addNameRange     '2.4.6',
87 silly addNameRange     '2.4.7',
87 silly addNameRange     '2.5.0',
87 silly addNameRange     '2.5.1',
87 silly addNameRange     '2.5.2',
87 silly addNameRange     '2.5.3',
87 silly addNameRange     '2.5.4',
87 silly addNameRange     '2.5.5',
87 silly addNameRange     '2.5.6',
87 silly addNameRange     '2.5.7',
87 silly addNameRange     '2.5.8',
87 silly addNameRange     '2.5.9',
87 silly addNameRange     '2.5.10',
87 silly addNameRange     '2.5.11',
87 silly addNameRange     '3.0.0',
87 silly addNameRange     '3.0.1',
87 silly addNameRange     '3.0.2',
87 silly addNameRange     '3.0.3',
87 silly addNameRange     '3.0.4',
87 silly addNameRange     '3.0.5',
87 silly addNameRange     '3.0.6',
87 silly addNameRange     '3.1.0',
87 silly addNameRange     '3.1.1',
87 silly addNameRange     '3.1.2',
87 silly addNameRange     '3.2.0',
87 silly addNameRange     '3.2.1',
87 silly addNameRange     '3.2.2',
87 silly addNameRange     '3.2.3',
87 silly addNameRange     '3.2.4',
87 silly addNameRange     '3.2.5',
87 silly addNameRange     '3.2.6',
87 silly addNameRange     '3.3.0',
87 silly addNameRange     '3.3.1',
87 silly addNameRange     '3.3.2',
87 silly addNameRange     '3.3.3',
87 silly addNameRange     '3.3.4',
87 silly addNameRange     '3.3.5',
87 silly addNameRange     '3.3.6',
87 silly addNameRange     '1.0.0-beta',
87 silly addNameRange     '1.0.0-beta2',
87 silly addNameRange     '1.0.0-rc',
87 silly addNameRange     '1.0.0-rc2',
87 silly addNameRange     '1.0.0-rc3',
87 silly addNameRange     '1.0.0-rc4',
87 silly addNameRange     '2.0.0-beta',
87 silly addNameRange     '2.0.0-beta2',
87 silly addNameRange     '2.0.0-beta3',
87 silly addNameRange     '2.0.0-rc',
87 silly addNameRange     '2.0.0-rc2',
87 silly addNameRange     '2.0.0-rc3',
87 silly addNameRange     '3.0.0-alpha1',
87 silly addNameRange     '3.0.0-alpha2',
87 silly addNameRange     '3.0.0-alpha3',
87 silly addNameRange     '3.0.0-alpha4',
87 silly addNameRange     '3.0.0-alpha5',
87 silly addNameRange     '3.0.0-beta1',
87 silly addNameRange     '3.0.0-beta2',
87 silly addNameRange     '3.0.0-beta3',
87 silly addNameRange     '3.0.0-beta4',
87 silly addNameRange     '3.0.0-beta6',
87 silly addNameRange     '3.0.0-beta7',
87 silly addNameRange     '3.0.0-rc1',
87 silly addNameRange     '3.0.0-rc2',
87 silly addNameRange     '3.0.0-rc3',
87 silly addNameRange     '3.0.0-rc4',
87 silly addNameRange     '3.0.0-rc5',
87 silly addNameRange     '3.3.7',
87 silly addNameRange     '3.3.8',
87 silly addNameRange     '3.4.0',
87 silly addNameRange     '3.4.1',
87 silly addNameRange     '3.4.2',
87 silly addNameRange     '3.4.3',
87 silly addNameRange     '3.4.4',
87 silly addNameRange     '3.4.5',
87 silly addNameRange     '3.4.6',
87 silly addNameRange     '3.4.7',
87 silly addNameRange     '3.4.8',
87 silly addNameRange     '4.0.0-rc1',
87 silly addNameRange     '4.0.0-rc2',
87 silly addNameRange     '3.5.0',
87 silly addNameRange     '4.0.0-rc3',
87 silly addNameRange     '4.0.0-rc4',
87 silly addNameRange     '3.5.1',
87 silly addNameRange     '4.0.0',
87 silly addNameRange     '3.5.2',
87 silly addNameRange     '4.1.0',
87 silly addNameRange     '4.1.1',
87 silly addNameRange     '3.5.3',
87 silly addNameRange     '4.1.2',
87 silly addNameRange     '3.6.0',
87 silly addNameRange     '4.2.0',
87 silly addNameRange     '3.7.0',
87 silly addNameRange     '3.8.0',
87 silly addNameRange     '4.3.0',
87 silly addNameRange     '4.3.1',
87 silly addNameRange     '3.8.1',
87 silly addNameRange     '4.3.2',
87 silly addNameRange     '3.9.0',
87 silly addNameRange     '4.4.0',
87 silly addNameRange     '4.4.1',
87 silly addNameRange     '3.10.0',
87 silly addNameRange     '3.10.1',
87 silly addNameRange     '3.10.2',
87 silly addNameRange     '3.10.3',
87 silly addNameRange     '3.10.4',
87 silly addNameRange     '4.4.2',
87 silly addNameRange     '3.10.5',
87 silly addNameRange     '4.4.3',
87 silly addNameRange     '3.11.0',
87 silly addNameRange     '4.4.4',
87 silly addNameRange     '3.12.0',
87 silly addNameRange     '3.12.1',
87 silly addNameRange     '4.4.5',
87 silly addNameRange     '3.13.0',
87 silly addNameRange     '4.5.0',
87 silly addNameRange     '4.5.1',
87 silly addNameRange     '3.14.0',
87 silly addNameRange     '4.6.0',
87 silly addNameRange     '4.6.1',
87 silly addNameRange     '3.15.0',
87 silly addNameRange     '4.7.0',
87 silly addNameRange     '3.15.1',
87 silly addNameRange     '4.7.1',
87 silly addNameRange     '3.15.2',
87 silly addNameRange     '4.7.2',
87 silly addNameRange     '4.7.3',
87 silly addNameRange     '3.15.3',
87 silly addNameRange     '4.7.4',
87 silly addNameRange     '3.16.0',
87 silly addNameRange     '4.8.0',
87 silly addNameRange     '3.16.1',
87 silly addNameRange     '4.8.1',
87 silly addNameRange     '3.16.2',
87 silly addNameRange     '4.8.2',
87 silly addNameRange     '3.16.3',
87 silly addNameRange     '3.16.4',
87 silly addNameRange     '4.8.3',
87 silly addNameRange     '3.16.5',
87 silly addNameRange     '3.16.6',
87 silly addNameRange     '4.8.4',
87 silly addNameRange     '3.16.7',
87 silly addNameRange     '4.8.5',
87 silly addNameRange     '3.16.8',
87 silly addNameRange     '4.8.6',
87 silly addNameRange     '3.16.9',
87 silly addNameRange     '4.8.7',
87 silly addNameRange     '3.16.10',
87 silly addNameRange     '4.8.8',
87 silly addNameRange     '3.17.0',
87 silly addNameRange     '3.17.1',
87 silly addNameRange     '4.9.0',
87 silly addNameRange     '3.17.2',
87 silly addNameRange     '4.9.1',
87 silly addNameRange     '4.9.2',
87 silly addNameRange     '3.17.3',
87 silly addNameRange     '4.9.3',
87 silly addNameRange     '3.17.4',
87 silly addNameRange     '4.9.4',
87 silly addNameRange     '3.17.5',
87 silly addNameRange     '4.9.5',
87 silly addNameRange     '3.17.6',
87 silly addNameRange     '3.17.7',
87 silly addNameRange     '4.9.6',
87 silly addNameRange     '4.9.7',
87 silly addNameRange     '3.17.8',
87 silly addNameRange     '4.9.8',
87 silly addNameRange     '3.18.0',
87 silly addNameRange     '3.18.1',
87 silly addNameRange     '4.10.0',
87 silly addNameRange     '3.18.2',
87 silly addNameRange     '4.10.1',
87 silly addNameRange     '5.0.0-alpha.1',
87 silly addNameRange     '3.18.3',
87 silly addNameRange     '4.10.2',
87 silly addNameRange     '3.18.4',
87 silly addNameRange     '4.10.3',
87 silly addNameRange     '4.10.4',
87 silly addNameRange     '4.10.5',
87 silly addNameRange     '3.18.5',
87 silly addNameRange     '3.18.6',
87 silly addNameRange     '4.10.6',
87 silly addNameRange     '4.10.7',
87 silly addNameRange     '3.19.0',
87 silly addNameRange     '4.10.8',
87 silly addNameRange     '4.11.0',
87 silly addNameRange     '3.19.1',
87 silly addNameRange     '4.11.1',
87 silly addNameRange     '3.19.2',
87 silly addNameRange     '4.11.2',
87 silly addNameRange     '3.20.0',
87 silly addNameRange     '4.12.0',
87 silly addNameRange     '3.20.1',
87 silly addNameRange     '4.12.1',
87 silly addNameRange     '4.12.2',
87 silly addNameRange     '3.20.2',
87 silly addNameRange     '4.12.3',
87 silly addNameRange     '3.20.3',
87 silly addNameRange     '4.12.4',
87 silly addNameRange     '3.21.0',
87 silly addNameRange     '4.13.0',
87 silly addNameRange     '3.21.1',
87 silly addNameRange     '4.13.1',
87 silly addNameRange     '5.0.0-alpha.2',
87 silly addNameRange     '3.21.2',
87 silly addNameRange     '4.13.2',
87 silly addNameRange     '4.13.3' ] ]
88 silly addNamed express@4.13.3
89 verbose addNamed "4.13.3" is a plain semver version for express
90 silly addNameRange number 2 { name: 'cors', range: '*', hasData: true }
91 silly addNameRange versions [ 'cors',
91 silly addNameRange   [ '0.0.1',
91 silly addNameRange     '0.0.2',
91 silly addNameRange     '0.0.3',
91 silly addNameRange     '0.0.4',
91 silly addNameRange     '0.0.5',
91 silly addNameRange     '0.1.0',
91 silly addNameRange     '0.1.1',
91 silly addNameRange     '1.0.0',
91 silly addNameRange     '1.0.1',
91 silly addNameRange     '2.0.0',
91 silly addNameRange     '2.1.0',
91 silly addNameRange     '2.1.1',
91 silly addNameRange     '2.2.0',
91 silly addNameRange     '2.3.0',
91 silly addNameRange     '2.3.1',
91 silly addNameRange     '2.3.2',
91 silly addNameRange     '2.4.0',
91 silly addNameRange     '2.4.1',
91 silly addNameRange     '2.4.2',
91 silly addNameRange     '2.5.0',
91 silly addNameRange     '2.5.1',
91 silly addNameRange     '2.5.2',
91 silly addNameRange     '2.5.3',
91 silly addNameRange     '2.6.0',
91 silly addNameRange     '2.6.1',
91 silly addNameRange     '2.7.0',
91 silly addNameRange     '2.7.1' ] ]
92 silly addNamed cors@2.7.1
93 verbose addNamed "2.7.1" is a plain semver version for cors
94 silly cache afterAdd express@4.13.3
95 verbose afterAdd /Users/JTPorter9/.npm/express/4.13.3/package/package.json not in flight; writing
96 silly cache afterAdd body-parser@1.14.1
97 verbose afterAdd /Users/JTPorter9/.npm/body-parser/1.14.1/package/package.json not in flight; writing
98 silly cache afterAdd cors@2.7.1
99 verbose afterAdd /Users/JTPorter9/.npm/cors/2.7.1/package/package.json not in flight; writing
100 verbose afterAdd /Users/JTPorter9/.npm/express/4.13.3/package/package.json written
101 verbose afterAdd /Users/JTPorter9/.npm/body-parser/1.14.1/package/package.json written
102 verbose afterAdd /Users/JTPorter9/.npm/cors/2.7.1/package/package.json written
103 http 404 https://registry.npmjs.org/mongojs--save
104 verbose headers { 'content-type': 'application/json',
104 verbose headers   'cache-control': 'max-age=0',
104 verbose headers   'content-length': '2',
104 verbose headers   'accept-ranges': 'bytes',
104 verbose headers   date: 'Tue, 17 Nov 2015 21:05:22 GMT',
104 verbose headers   via: '1.1 varnish',
104 verbose headers   age: '0',
104 verbose headers   connection: 'keep-alive',
104 verbose headers   'x-served-by': 'cache-lax1423-LAX',
104 verbose headers   'x-cache': 'MISS',
104 verbose headers   'x-cache-hits': '0',
104 verbose headers   'x-timer': 'S1447794322.766408,VS0,VE87' }
105 silly get cb [ 404,
105 silly get   { 'content-type': 'application/json',
105 silly get     'cache-control': 'max-age=0',
105 silly get     'content-length': '2',
105 silly get     'accept-ranges': 'bytes',
105 silly get     date: 'Tue, 17 Nov 2015 21:05:22 GMT',
105 silly get     via: '1.1 varnish',
105 silly get     age: '0',
105 silly get     connection: 'keep-alive',
105 silly get     'x-served-by': 'cache-lax1423-LAX',
105 silly get     'x-cache': 'MISS',
105 silly get     'x-cache-hits': '0',
105 silly get     'x-timer': 'S1447794322.766408,VS0,VE87' } ]
106 verbose stack Error: Registry returned 404 for GET on https://registry.npmjs.org/mongojs--save
106 verbose stack     at makeError (/usr/local/lib/node_modules/npm/node_modules/npm-registry-client/lib/request.js:263:12)
106 verbose stack     at CachingRegistryClient.<anonymous> (/usr/local/lib/node_modules/npm/node_modules/npm-registry-client/lib/request.js:241:14)
106 verbose stack     at Request._callback (/usr/local/lib/node_modules/npm/node_modules/npm-registry-client/lib/request.js:171:14)
106 verbose stack     at Request.self.callback (/usr/local/lib/node_modules/npm/node_modules/request/request.js:198:22)
106 verbose stack     at emitTwo (events.js:87:13)
106 verbose stack     at Request.emit (events.js:172:7)
106 verbose stack     at Request.<anonymous> (/usr/local/lib/node_modules/npm/node_modules/request/request.js:1073:14)
106 verbose stack     at emitOne (events.js:82:20)
106 verbose stack     at Request.emit (events.js:169:7)
106 verbose stack     at IncomingMessage.<anonymous> (/usr/local/lib/node_modules/npm/node_modules/request/request.js:1019:12)
107 verbose statusCode 404
108 verbose pkgid mongojs--save
109 verbose cwd /Users/JTPorter9/Desktop/devmountain/dm7projects/week6/ecommerce-part-one
110 error Darwin 14.5.0
111 error argv "/usr/local/Cellar/node/4.1.1/bin/node" "/usr/local/bin/npm" "install" "express" "body-parser" "cors" "mongojs--save"
112 error node v4.1.1
113 error npm  v2.14.4
114 error code E404
115 error 404 Registry returned 404 for GET on https://registry.npmjs.org/mongojs--save
115 error 404
115 error 404 'mongojs--save' is not in the npm registry.
115 error 404 You should bug the author to publish it (or use the name yourself!)
115 error 404 It was specified as a dependency of 'ecommerce-part-one'
115 error 404
115 error 404 Note that you can also install from a
115 error 404 tarball, folder, http url, or git url.
116 verbose exit [ 1, true ]
